\BOOKMARK [1][-]{title.1}{Title Page}{}% 1
\BOOKMARK [1][-]{TOC.1}{Table of Contents}{}% 2
\BOOKMARK [1][-]{section*.2}{Program Overview}{}% 3
\BOOKMARK [2][-]{section*.3}{Division of Work}{section*.2}% 4
\BOOKMARK [3][-]{section*.4}{Jesse}{section*.3}% 5
\BOOKMARK [3][-]{section*.5}{Nick}{section*.3}% 6
\BOOKMARK [1][-]{section*.6}{Subroutines}{}% 7
\BOOKMARK [2][-]{section*.7}{Lab6.s}{section*.6}% 8
\BOOKMARK [3][-]{section*.8}{lab6}{section*.7}% 9
\BOOKMARK [3][-]{section*.9}{init\137game}{section*.7}% 10
\BOOKMARK [3][-]{section*.10}{reset\137game}{section*.7}% 11
\BOOKMARK [3][-]{section*.11}{move\137cursor}{section*.7}% 12
\BOOKMARK [3][-]{section*.12}{put\137time}{section*.7}% 13
\BOOKMARK [3][-]{section*.13}{place\137text}{section*.7}% 14
\BOOKMARK [3][-]{section*.14}{color\137text}{section*.7}% 15
\BOOKMARK [3][-]{section*.15}{modify\137cursor\137two}{section*.7}% 16
\BOOKMARK [3][-]{section*.16}{timer\137to\137string}{section*.7}% 17
\BOOKMARK [3][-]{section*.17}{store\137pos}{section*.7}% 18
\BOOKMARK [3][-]{section*.18}{show\137link}{section*.7}% 19
\BOOKMARK [3][-]{section*.19}{link\137char}{section*.7}% 20
\BOOKMARK [3][-]{section*.20}{show\137plus}{section*.7}% 21
\BOOKMARK [3][-]{section*.21}{clear\137links}{section*.7}% 22
\BOOKMARK [3][-]{section*.22}{clear\137color\137links}{section*.7}% 23
\BOOKMARK [3][-]{section*.23}{clear\137pos\137links}{section*.7}% 24
\BOOKMARK [3][-]{section*.24}{replace\137links}{section*.7}% 25
\BOOKMARK [3][-]{section*.25}{check\137start}{section*.7}% 26
\BOOKMARK [3][-]{section*.26}{Timer\137Handler}{section*.7}% 27
\BOOKMARK [3][-]{section*.27}{Switch\137Handler}{section*.7}% 28
\BOOKMARK [3][-]{section*.28}{UART0\137Handler}{section*.7}% 29
\BOOKMARK [2][-]{section*.29}{Title.s}{section*.6}% 30
\BOOKMARK [3][-]{section*.30}{make\137title}{section*.29}% 31
\BOOKMARK [3][-]{section*.31}{make\137pause}{section*.29}% 32
\BOOKMARK [3][-]{section*.32}{make\137end}{section*.29}% 33
\BOOKMARK [2][-]{section*.33}{Board.s}{section*.6}% 34
\BOOKMARK [3][-]{section*.34}{board\137out}{section*.33}% 35
\BOOKMARK [3][-]{section*.35}{reprint\137board}{section*.33}% 36
\BOOKMARK [3][-]{section*.36}{reset\137subboard}{section*.33}% 37
\BOOKMARK [2][-]{section*.37}{Subboard.s}{section*.6}% 38
\BOOKMARK [3][-]{section*.38}{make\137sub\137board}{section*.37}% 39
\BOOKMARK [3][-]{section*.39}{test\137sub\137board}{section*.37}% 40
\BOOKMARK [3][-]{section*.40}{find\137center}{section*.37}% 41
\BOOKMARK [3][-]{section*.41}{clear\137sub\137board}{section*.37}% 42
\BOOKMARK [3][-]{section*.42}{check\137move}{section*.37}% 43
\BOOKMARK [3][-]{section*.43}{check\137spot}{section*.37}% 44
\BOOKMARK [3][-]{section*.44}{get\137subboard\137ptr}{section*.37}% 45
\BOOKMARK [3][-]{section*.45}{place\137link}{section*.37}% 46
\BOOKMARK [3][-]{section*.46}{get\137color}{section*.37}% 47
\BOOKMARK [3][-]{section*.47}{get\137cursor\137pos}{section*.37}% 48
\BOOKMARK [3][-]{section*.48}{clear\137pos\137sub\137board}{section*.37}% 49
\BOOKMARK [3][-]{section*.49}{coord\137to\137byte}{section*.37}% 50
\BOOKMARK [3][-]{section*.50}{byte\137to\137coord}{section*.37}% 51
\BOOKMARK [3][-]{section*.51}{check\137win}{section*.37}% 52
\BOOKMARK [3][-]{section*.52}{last\137link}{section*.37}% 53
\BOOKMARK [2][-]{section*.53}{Complete.s}{section*.6}% 54
\BOOKMARK [3][-]{section*.54}{modify\137completed}{section*.53}% 55
\BOOKMARK [3][-]{section*.55}{output\137completed}{section*.53}% 56
\BOOKMARK [3][-]{section*.56}{clear\137completed}{section*.53}% 57
\BOOKMARK [3][-]{section*.57}{check\137completed}{section*.53}% 58
\BOOKMARK [3][-]{section*.58}{reprint\137completed}{section*.53}% 59
\BOOKMARK [2][-]{section*.59}{Library.s}{section*.6}% 60
\BOOKMARK [3][-]{section*.60}{read\137character}{section*.59}% 61
\BOOKMARK [3][-]{section*.61}{output\137character}{section*.59}% 62
\BOOKMARK [3][-]{section*.62}{output\137string}{section*.59}% 63
\BOOKMARK [3][-]{section*.63}{read\137string}{section*.59}% 64
\BOOKMARK [3][-]{section*.64}{uart\137init}{section*.59}% 65
\BOOKMARK [3][-]{section*.65}{gpio\137init}{section*.59}% 66
\BOOKMARK [3][-]{section*.66}{read\137from\137push\137btn}{section*.59}% 67
\BOOKMARK [3][-]{section*.67}{illuminate\137RGB\137LED}{section*.59}% 68
\BOOKMARK [3][-]{section*.68}{correct\137num}{section*.59}% 69
\BOOKMARK [3][-]{section*.69}{num\137digits}{section*.59}% 70
\BOOKMARK [3][-]{section*.70}{int2str}{section*.59}% 71
\BOOKMARK [3][-]{section*.71}{str2int}{section*.59}% 72
\BOOKMARK [3][-]{section*.72}{negate\137int}{section*.59}% 73
